[debug] [2023-07-15T13:37:12.912Z] ----------------------------------------------------------------------
[debug] [2023-07-15T13:37:12.915Z] Command:       C:\Program Files\nodejs\node.exe C:\Users\xenol\AppData\Roaming\npm\node_modules\firebase-tools\lib\bin\firebase.js init
[debug] [2023-07-15T13:37:12.916Z] CLI Version:   11.28.0
[debug] [2023-07-15T13:37:12.916Z] Platform:      win32
[debug] [2023-07-15T13:37:12.916Z] Node Version:  v20.3.0
[debug] [2023-07-15T13:37:12.916Z] Time:          Sat Jul 15 2023 16:37:12 GMT+0300 (Moscow Standard Time)
[debug] [2023-07-15T13:37:12.917Z] ----------------------------------------------------------------------
[debug] 
[debug] [2023-07-15T13:37:12.921Z] >>> [apiv2][query] GET https://firebase-public.firebaseio.com/cli.json [none]
[debug] [2023-07-15T13:37:12.979Z] > command requires scopes: ["email","openid","https://www.googleapis.com/auth/cloudplatformprojects.readonly","https://www.googleapis.com/auth/firebase","https://www.googleapis.com/auth/cloud-platform"]
[debug] [2023-07-15T13:37:12.979Z] > authorizing via signed-in user (xenolm252@gmail.com)
[info] 
     ######## #### ########  ######## ########     ###     ######  ########
     ##        ##  ##     ## ##       ##     ##  ##   ##  ##       ##
     ######    ##  ########  ######   ########  #########  ######  ######
     ##        ##  ##    ##  ##       ##     ## ##     ##       ## ##
     ##       #### ##     ## ######## ########  ##     ##  ######  ########

You're about to initialize a Firebase project in this directory:

  C:\Users\xenol\OneDrive\Рабочий стол\CHAT\ChatLink

[debug] [2023-07-15T13:37:13.359Z] <<< [apiv2][status] GET https://firebase-public.firebaseio.com/cli.json 200
[debug] [2023-07-15T13:37:13.359Z] <<< [apiv2][body] GET https://firebase-public.firebaseio.com/cli.json {"cloudBuildErrorAfter":1594252800000,"cloudBuildWarnAfter":1590019200000,"defaultNode10After":1594252800000,"minVersion":"3.0.5","node8DeploysDisabledAfter":1613390400000,"node8RuntimeDisabledAfter":1615809600000,"node8WarnAfter":1600128000000}
